<?xml version="1.0" encoding="UTF-8"?>
<testsuite name="com.graphqljava.tutorial.bookdetails.BookDetailsApplicationTests" tests="1" skipped="0" failures="0" errors="0" timestamp="2021-07-17T00:44:05" hostname="Amans-MacBook-Pro.local" time="0.101">
  <properties/>
  <testcase name="contextLoads" classname="com.graphqljava.tutorial.bookdetails.BookDetailsApplicationTests" time="0.101"/>
  <system-out><![CDATA[10:43:48.849 [Test worker] DEBUG org.springframework.test.context.junit4.SpringJUnit4ClassRunner - SpringJUnit4ClassRunner constructor called with [class com.graphqljava.tutorial.bookdetails.BookDetailsApplicationTests]
10:43:48.855 [Test worker] DEBUG org.springframework.test.context.BootstrapUtils - Instantiating CacheAwareContextLoaderDelegate from class [org.springframework.test.context.cache.DefaultCacheAwareContextLoaderDelegate]
10:43:48.862 [Test worker] DEBUG org.springframework.test.context.BootstrapUtils - Instantiating BootstrapContext using constructor [public org.springframework.test.context.support.DefaultBootstrapContext(java.lang.Class,org.springframework.test.context.CacheAwareContextLoaderDelegate)]
10:43:48.878 [Test worker] DEBUG org.springframework.test.context.BootstrapUtils - Instantiating TestContextBootstrapper for test class [com.graphqljava.tutorial.bookdetails.BookDetailsApplicationTests] from class [org.springframework.boot.test.context.SpringBootTestContextBootstrapper]
10:43:48.887 [Test worker] INFO org.springframework.boot.test.context.SpringBootTestContextBootstrapper - Neither @ContextConfiguration nor @ContextHierarchy found for test class [com.graphqljava.tutorial.bookdetails.BookDetailsApplicationTests], using SpringBootContextLoader
10:43:48.890 [Test worker] DEBUG org.springframework.test.context.support.AbstractContextLoader - Did not detect default resource location for test class [com.graphqljava.tutorial.bookdetails.BookDetailsApplicationTests]: class path resource [com/graphqljava/tutorial/bookdetails/BookDetailsApplicationTests-context.xml] does not exist
10:43:48.890 [Test worker] DEBUG org.springframework.test.context.support.AbstractContextLoader - Did not detect default resource location for test class [com.graphqljava.tutorial.bookdetails.BookDetailsApplicationTests]: class path resource [com/graphqljava/tutorial/bookdetails/BookDetailsApplicationTestsContext.groovy] does not exist
10:43:48.890 [Test worker] INFO org.springframework.test.context.support.AbstractContextLoader - Could not detect default resource locations for test class [com.graphqljava.tutorial.bookdetails.BookDetailsApplicationTests]: no resource found for suffixes {-context.xml, Context.groovy}.
10:43:48.891 [Test worker] INFO org.springframework.test.context.support.AnnotationConfigContextLoaderUtils - Could not detect default configuration classes for test class [com.graphqljava.tutorial.bookdetails.BookDetailsApplicationTests]: BookDetailsApplicationTests does not declare any static, non-private, non-final, nested classes annotated with @Configuration.
10:43:48.926 [Test worker] DEBUG org.springframework.test.context.support.ActiveProfilesUtils - Could not find an 'annotation declaring class' for annotation type [org.springframework.test.context.ActiveProfiles] and class [com.graphqljava.tutorial.bookdetails.BookDetailsApplicationTests]
10:43:48.975 [Test worker] DEBUG org.springframework.context.annotation.ClassPathScanningCandidateComponentProvider - Identified candidate component class: file [/Users/amanmanocha/projects/graphql/tutorials/book-details/build/classes/java/main/com/graphqljava/tutorial/bookdetails/BookDetailsApplication.class]
10:43:48.978 [Test worker] INFO org.springframework.boot.test.context.SpringBootTestContextBootstrapper - Found @SpringBootConfiguration com.graphqljava.tutorial.bookdetails.BookDetailsApplication for test class com.graphqljava.tutorial.bookdetails.BookDetailsApplicationTests
10:43:49.061 [Test worker] DEBUG org.springframework.boot.test.context.SpringBootTestContextBootstrapper - @TestExecutionListeners is not present for class [com.graphqljava.tutorial.bookdetails.BookDetailsApplicationTests]: using defaults.
10:43:49.061 [Test worker] INFO org.springframework.boot.test.context.SpringBootTestContextBootstrapper - Loaded default TestExecutionListener class names from location [META-INF/spring.factories]: [org.springframework.boot.test.autoconfigure.restdocs.RestDocsTestExecutionListener, org.springframework.boot.test.autoconfigure.web.client.MockRestServiceServerResetTestExecutionListener, org.springframework.boot.test.autoconfigure.web.servlet.MockMvcPrintOnlyOnFailureTestExecutionListener, org.springframework.boot.test.autoconfigure.web.servlet.WebDriverTestExecutionListener, org.springframework.boot.test.mock.mockito.MockitoTestExecutionListener, org.springframework.boot.test.mock.mockito.ResetMocksTestExecutionListener, org.springframework.test.context.web.ServletTestExecutionListener, org.springframework.test.context.support.DirtiesContextBeforeModesTestExecutionListener, org.springframework.test.context.support.DependencyInjectionTestExecutionListener, org.springframework.test.context.support.DirtiesContextTestExecutionListener, org.springframework.test.context.transaction.TransactionalTestExecutionListener, org.springframework.test.context.jdbc.SqlScriptsTestExecutionListener]
10:43:49.071 [Test worker] DEBUG org.springframework.boot.test.context.SpringBootTestContextBootstrapper - Skipping candidate TestExecutionListener [org.springframework.test.context.transaction.TransactionalTestExecutionListener] due to a missing dependency. Specify custom listener classes or make the default listener classes and their required dependencies available. Offending class: [org/springframework/transaction/TransactionDefinition]
10:43:49.072 [Test worker] DEBUG org.springframework.boot.test.context.SpringBootTestContextBootstrapper - Skipping candidate TestExecutionListener [org.springframework.test.context.jdbc.SqlScriptsTestExecutionListener] due to a missing dependency. Specify custom listener classes or make the default listener classes and their required dependencies available. Offending class: [org/springframework/transaction/interceptor/TransactionAttribute]
10:43:49.072 [Test worker] INFO org.springframework.boot.test.context.SpringBootTestContextBootstrapper - Using TestExecutionListeners: [org.springframework.test.context.web.ServletTestExecutionListener@730daa71, org.springframework.test.context.support.DirtiesContextBeforeModesTestExecutionListener@632368b3, org.springframework.boot.test.mock.mockito.MockitoTestExecutionListener@1fe4ae13, org.springframework.boot.test.autoconfigure.SpringBootDependencyInjectionTestExecutionListener@54f0178b, org.springframework.test.context.support.DirtiesContextTestExecutionListener@4a307146, org.springframework.boot.test.autoconfigure.restdocs.RestDocsTestExecutionListener@32aeee43, org.springframework.boot.test.autoconfigure.web.client.MockRestServiceServerResetTestExecutionListener@8005a33, org.springframework.boot.test.autoconfigure.web.servlet.MockMvcPrintOnlyOnFailureTestExecutionListener@5c1848f7, org.springframework.boot.test.autoconfigure.web.servlet.WebDriverTestExecutionListener@156ba873, org.springframework.boot.test.mock.mockito.ResetMocksTestExecutionListener@5072806b]
10:43:49.074 [Test worker] DEBUG org.springframework.test.annotation.ProfileValueUtils - Retrieved @ProfileValueSourceConfiguration [null] for test class [com.graphqljava.tutorial.bookdetails.BookDetailsApplicationTests]
10:43:49.075 [Test worker] DEBUG org.springframework.test.annotation.ProfileValueUtils - Retrieved ProfileValueSource type [class org.springframework.test.annotation.SystemProfileValueSource] for class [com.graphqljava.tutorial.bookdetails.BookDetailsApplicationTests]
10:43:49.075 [Test worker] DEBUG org.springframework.test.annotation.ProfileValueUtils - Retrieved @ProfileValueSourceConfiguration [null] for test class [com.graphqljava.tutorial.bookdetails.BookDetailsApplicationTests]
10:43:49.075 [Test worker] DEBUG org.springframework.test.annotation.ProfileValueUtils - Retrieved ProfileValueSource type [class org.springframework.test.annotation.SystemProfileValueSource] for class [com.graphqljava.tutorial.bookdetails.BookDetailsApplicationTests]
10:43:49.079 [Test worker] DEBUG org.springframework.test.context.support.AbstractDirtiesContextTestExecutionListener - Before test class: context [DefaultTestContext@59c27e84 testClass = BookDetailsApplicationTests, testInstance = [null], testMethod = [null], testException = [null], mergedContextConfiguration = [WebMergedContextConfiguration@7ede24a7 testClass = BookDetailsApplicationTests, locations = '{}', classes = '{class com.graphqljava.tutorial.bookdetails.BookDetailsApplication}', contextInitializerClasses = '[]', activeProfiles = '{}', propertySourceLocations = '{}', propertySourceProperties = '{org.springframework.boot.test.context.SpringBootTestContextBootstrapper=true}', contextCustomizers = set[org.springframework.boot.test.autoconfigure.properties.PropertyMappingContextCustomizer@0, org.springframework.boot.test.autoconfigure.web.servlet.WebDriverContextCustomizerFactory$Customizer@411d5afa, org.springframework.boot.test.context.filter.ExcludeFilterContextCustomizer@446e4aa1, org.springframework.boot.test.json.DuplicateJsonObjectContextCustomizerFactory$DuplicateJsonObjectContextCustomizer@2ce090b8, org.springframework.boot.test.mock.mockito.MockitoContextCustomizer@0, org.springframework.boot.test.web.client.TestRestTemplateContextCustomizer@abcbc2b], resourceBasePath = 'src/main/webapp', contextLoader = 'org.springframework.boot.test.context.SpringBootContextLoader', parent = [null]], attributes = map['org.springframework.test.context.web.ServletTestExecutionListener.activateListener' -> true]], class annotated with @DirtiesContext [false] with mode [null].
10:43:49.079 [Test worker] DEBUG org.springframework.test.annotation.ProfileValueUtils - Retrieved @ProfileValueSourceConfiguration [null] for test class [com.graphqljava.tutorial.bookdetails.BookDetailsApplicationTests]
10:43:49.079 [Test worker] DEBUG org.springframework.test.annotation.ProfileValueUtils - Retrieved ProfileValueSource type [class org.springframework.test.annotation.SystemProfileValueSource] for class [com.graphqljava.tutorial.bookdetails.BookDetailsApplicationTests]
10:43:49.094 [Test worker] DEBUG org.springframework.test.context.support.TestPropertySourceUtils - Adding inlined properties to environment: {spring.jmx.enabled=false, org.springframework.boot.test.context.SpringBootTestContextBootstrapper=true, server.port=-1}

  .   ____          _            __ _ _
 /\\ / ___'_ __ _ _(_)_ __  __ _ \ \ \ \
( ( )\___ | '_ | '_| | '_ \/ _` | \ \ \ \
 \\/  ___)| |_)| | | | | || (_| |  ) ) ) )
  '  |____| .__|_| |_|_| |_\__, | / / / /
 =========|_|==============|___/=/_/_/_/
 :: Spring Boot ::        (v2.1.2.RELEASE)

2021-07-17 10:44:04.269  INFO 96283 --- [    Test worker] c.g.t.b.BookDetailsApplicationTests      : Starting BookDetailsApplicationTests on Amans-MacBook-Pro.local with PID 96283 (started by amanmanocha in /Users/amanmanocha/projects/graphql/tutorials/book-details)
2021-07-17 10:44:04.271  INFO 96283 --- [    Test worker] c.g.t.b.BookDetailsApplicationTests      : No active profile set, falling back to default profiles: default
2021-07-17 10:44:05.463  INFO 96283 --- [    Test worker] o.s.s.concurrent.ThreadPoolTaskExecutor  : Initializing ExecutorService 'applicationTaskExecutor'
2021-07-17 10:44:05.653  INFO 96283 --- [    Test worker] c.g.t.b.BookDetailsApplicationTests      : Started BookDetailsApplicationTests in 16.552 seconds (JVM running for 17.256)
]]></system-out>
  <system-err><![CDATA[]]></system-err>
</testsuite>
